android/app/build/intermediates/manifest_merge_blame_file/debug/manifest-merger-blame-debug-report.txt
1<?xml version="1.0" encoding="utf-8"?>
2<manifest xmlns:android="http://schemas.android.com/apk/res/android"
3    package="org.tensorflow.lite.examples.posenet"
4    android:versionCode="1"
5    android:versionName="1.0" >
6
7    <uses-sdk
7-->src\main\AndroidManifest.xml:5:5-17
8        android:minSdkVersion="23"
8-->src\main\AndroidManifest.xml:5:5-17
9        android:targetSdkVersion="29" />
9-->src\main\AndroidManifest.xml:5:5-17
10
11    <uses-permission android:name="android.permission.CAMERA" />
11-->src\main\AndroidManifest.xml:7:5-65
11-->src\main\AndroidManifest.xml:7:22-62
12    <uses-permission android:name="android.permission.WAKE_LOCK" />
12-->src\main\AndroidManifest.xml:8:5-68
12-->src\main\AndroidManifest.xml:8:22-65
13    <uses-permission android:name="android.permission.BLUETOOTH" />
13-->src\main\AndroidManifest.xml:9:5-68
13-->src\main\AndroidManifest.xml:9:22-65
14    <uses-permission android:name="android.permission.BLUETOOTH_ADMIN" />
14-->src\main\AndroidManifest.xml:10:5-74
14-->src\main\AndroidManifest.xml:10:22-71
15    <uses-permission android:name="android.permission.READ_PHONE_STATE" />
15-->src\main\AndroidManifest.xml:11:5-75
15-->src\main\AndroidManifest.xml:11:22-72
16
17    <uses-feature android:name="android.hardware.camera.autofocus" />
17-->src\main\AndroidManifest.xml:13:5-70
17-->src\main\AndroidManifest.xml:13:19-67
18
19    <uses-permission android:name="android.permission.WRITE_EXTERNAL_STORAGE" />
20    <uses-permission android:name="android.permission.READ_EXTERNAL_STORAGE" />
21
22    <application
22-->src\main\AndroidManifest.xml:15:5-63:19
23        android:allowBackup="true"
23-->src\main\AndroidManifest.xml:17:9-35
24        android:appComponentFactory="androidx.core.app.CoreComponentFactory"
24-->[androidx.core:core:1.1.0] AndroidManifest.xml:24:18-86
25        android:debuggable="true"
26        android:icon="@mipmap/ic_launcher_eye"
26-->src\main\AndroidManifest.xml:18:9-47
27        android:label="@string/app_name"
27-->src\main\AndroidManifest.xml:19:9-41
28        android:roundIcon="@mipmap/ic_launcher_eye_round"
28-->src\main\AndroidManifest.xml:20:9-58
29        android:supportsRtl="true"
29-->src\main\AndroidManifest.xml:21:9-35
30        android:testOnly="true"
31        android:theme="@style/AppTheme" >
31-->src\main\AndroidManifest.xml:22:9-40
32        <service
32-->src\main\AndroidManifest.xml:23:9-26:47
33            android:name="org.tensorflow.lite.examples.posenet.Service.AlarmBellService"
33-->src\main\AndroidManifest.xml:24:13-53
34            android:enabled="true"
34-->src\main\AndroidManifest.xml:25:13-35
35            android:exported="true" />
35-->src\main\AndroidManifest.xml:26:13-36
36
37        <activity
37-->src\main\AndroidManifest.xml:28:9-35:20
38            android:name="org.tensorflow.lite.examples.posenet.SplashActivity"
38-->src\main\AndroidManifest.xml:28:19-49
39            android:screenOrientation="portrait"
39-->src\main\AndroidManifest.xml:30:13-49
40            android:theme="@style/Theme.AppCompat.Light.NoActionBar" >
40-->src\main\AndroidManifest.xml:29:12-68
41            <intent-filter>
41-->src\main\AndroidManifest.xml:31:13-34:29
42                <action android:name="android.intent.action.MAIN" />
42-->src\main\AndroidManifest.xml:32:17-69
42-->src\main\AndroidManifest.xml:32:25-66
43
44                <category android:name="android.intent.category.LAUNCHER" />
44-->src\main\AndroidManifest.xml:33:17-77
44-->src\main\AndroidManifest.xml:33:27-74
45            </intent-filter>
46        </activity>
47
48        <receiver
48-->src\main\AndroidManifest.xml:37:9-46:20
49            android:name="org.tensorflow.lite.examples.posenet.Receiver.AlarmReceiver"
49-->src\main\AndroidManifest.xml:38:13-51
50            android:enabled="true"
50-->src\main\AndroidManifest.xml:39:13-35
51            android:exported="true" >
51-->src\main\AndroidManifest.xml:40:13-36
52            <intent-filter>
52-->src\main\AndroidManifest.xml:42:13-44:29
53                <action android:name="android.intent.action.sec" />
53-->src\main\AndroidManifest.xml:43:17-67
53-->src\main\AndroidManifest.xml:43:25-65
54            </intent-filter>
55        </receiver>
56
57        <activity android:name="org.tensorflow.lite.examples.posenet.MainActivity" >
57-->src\main\AndroidManifest.xml:48:9-50:20
57-->src\main\AndroidManifest.xml:48:19-47
58        </activity>
59        <activity android:name="org.tensorflow.lite.examples.posenet.AlarmSettingActivity" />
59-->src\main\AndroidManifest.xml:51:9-58
59-->src\main\AndroidManifest.xml:51:19-55
60        <activity
60-->src\main\AndroidManifest.xml:54:9-57:48
61            android:name="org.tensorflow.lite.examples.posenet.TestActivity"
61-->src\main\AndroidManifest.xml:55:13-41
62            android:exported="true"
62-->src\main\AndroidManifest.xml:56:13-36
63            android:label="@string/app_name" />
63-->src\main\AndroidManifest.xml:57:13-45
64        <activity
64-->src\main\AndroidManifest.xml:58:9-62:20
65            android:name="org.tensorflow.lite.examples.posenet.CameraActivity"
65-->src\main\AndroidManifest.xml:59:13-43
66            android:exported="true" >
66-->src\main\AndroidManifest.xml:60:13-36
67        </activity>
68        <activity android:name="app.akexorcist.bluetotohspp.library.DeviceList" />
68-->[com.akexorcist:bluetoothspp:1.0.0] AndroidManifest.xml:11:9-83
68-->[com.akexorcist:bluetoothspp:1.0.0] AndroidManifest.xml:11:19-80
69
70        <service
70-->[androidx.room:room-runtime:2.1.0-alpha04] AndroidManifest.xml:23:9-25:40
71            android:name="androidx.room.MultiInstanceInvalidationService"
71-->[androidx.room:room-runtime:2.1.0-alpha04] AndroidManifest.xml:24:13-74
72            android:exported="false" />
72-->[androidx.room:room-runtime:2.1.0-alpha04] AndroidManifest.xml:25:13-37
73
74        <provider
74-->[androidx.lifecycle:lifecycle-process:2.0.0] AndroidManifest.xml:23:9-27:43
75            android:name="androidx.lifecycle.ProcessLifecycleOwnerInitializer"
75-->[androidx.lifecycle:lifecycle-process:2.0.0] AndroidManifest.xml:24:13-79
76            android:authorities="org.tensorflow.lite.examples.posenet.lifecycle-process"
76-->[androidx.lifecycle:lifecycle-process:2.0.0] AndroidManifest.xml:25:13-69
77            android:exported="false"
77-->[androidx.lifecycle:lifecycle-process:2.0.0] AndroidManifest.xml:26:13-37
78            android:multiprocess="true" />
78-->[androidx.lifecycle:lifecycle-process:2.0.0] AndroidManifest.xml:27:13-40
79    </application>
80
81</manifest>